<?xml version="1.0" encoding="UTF-8"?>
<testng-results skipped="0" failed="0" total="1" passed="1">
  <reporter-output>
    <line>
      <![CDATA[<div "featureFile">Feature File: local_testing2.feature</div>]]>
    </line>
    <line>
      <![CDATA[<div "feature">Feature: FirstUtility - serialised voucher usage</div>]]>
    </line>
    <line>
      <![CDATA[<div "scenarioOutline">Scenario Outline: FirstUtility - serialised voucher usage</div>]]>
    </line>
    <line>
      <![CDATA[<div "scenario">Scenario Outline: FirstUtility - serialised voucher usage</div>]]>
    </line>
    <line>
      <![CDATA[<div "result">Given  I detect the enviroment to execute the test (passed : 2s)</div>]]>
    </line>
    <line>
      <![CDATA[<div "result">And  generate validations from file (passed : 0s)</div>]]>
    </line>
  </reporter-output>
  <suite name="Test runner" duration-ms="3625" started-at="2019-04-06T22:45:35Z" finished-at="2019-04-06T22:45:39Z">
    <groups>
      <group name="cucumber">
        <method signature="AbstractTestNGCucumberTests.run_cukes()[pri:0, instance:com.smartfrog.AppTest@5649fd9b]" name="run_cukes" class="cucumber.api.testng.AbstractTestNGCucumberTests"/>
      </group> <!-- cucumber -->
    </groups>
    <test name="test" duration-ms="3625" started-at="2019-04-06T22:45:35Z" finished-at="2019-04-06T22:45:39Z">
      <class name="com.smartfrog.AppTest">
        <test-method status="PASS" signature="run_cukes()[pri:0, instance:com.smartfrog.AppTest@5649fd9b]" name="run_cukes" duration-ms="3611" started-at="2019-04-07T00:45:35Z" description="Runs Cucumber Features" finished-at="2019-04-07T00:45:39Z">
          <reporter-output>
            <line>
              <![CDATA[<div "featureFile">Feature File: local_testing2.feature</div>]]>
            </line>
            <line>
              <![CDATA[<div "feature">Feature: FirstUtility - serialised voucher usage</div>]]>
            </line>
            <line>
              <![CDATA[<div "scenarioOutline">Scenario Outline: FirstUtility - serialised voucher usage</div>]]>
            </line>
            <line>
              <![CDATA[<div "scenario">Scenario Outline: FirstUtility - serialised voucher usage</div>]]>
            </line>
            <line>
              <![CDATA[<div "result">Given  I detect the enviroment to execute the test (passed : 2s)</div>]]>
            </line>
            <line>
              <![CDATA[<div "result">And  generate validations from file (passed : 0s)</div>]]>
            </line>
          </reporter-output>
        </test-method> <!-- run_cukes -->
      </class> <!-- com.smartfrog.AppTest -->
    </test> <!-- test -->
  </suite> <!-- Test runner -->
</testng-results>
